000 (135753.000.000) 2023-10-27 00:04:35 Job submitted from host: <131.227.81.127:9618?addrs=131.227.81.127-9618&alias=aisurrey-condor.surrey.ac.uk&noUDP&sock=schedd_1723_69c5>
...
040 (135753.000.000) 2023-10-27 00:04:52 Started transferring input files
	Transferring to host: <131.227.80.190:9618?addrs=131.227.80.190-9618&alias=aisurrey10.surrey.ac.uk&noUDP&sock=slot1_1_5780_4864_171374>
...
040 (135753.000.000) 2023-10-27 00:04:52 Finished transferring input files
...
001 (135753.000.000) 2023-10-27 00:04:53 Job executing on host: <131.227.80.190:9618?addrs=131.227.80.190-9618&alias=aisurrey10.surrey.ac.uk&noUDP&sock=startd_5584_bcee>
...
006 (135753.000.000) 2023-10-27 00:05:01 Image size of job updated: 147
	147  -  MemoryUsage of job (MB)
	151520  -  ResidentSetSize of job (KB)
...
006 (135753.000.000) 2023-10-27 00:10:02 Image size of job updated: 2859
	2859  -  MemoryUsage of job (MB)
	2927900  -  ResidentSetSize of job (KB)
...
006 (135753.000.000) 2023-10-27 00:15:02 Image size of job updated: 2919
	2919  -  MemoryUsage of job (MB)
	2989668  -  ResidentSetSize of job (KB)
...
040 (135753.000.000) 2023-10-27 00:42:44 Started transferring output files
...
040 (135753.000.000) 2023-10-27 00:42:44 Finished transferring output files
...
005 (135753.000.000) 2023-10-27 00:42:44 Job terminated.
	(1) Normal termination (return value 0)
		Usr 0 02:08:55, Sys 0 00:08:36  -  Run Remote Usage
		Usr 0 00:00:00, Sys 0 00:00:00  -  Run Local Usage
		Usr 0 02:08:55, Sys 0 00:08:36  -  Total Remote Usage
		Usr 0 00:00:00, Sys 0 00:00:00  -  Total Local Usage
	2345568  -  Run Bytes Sent By Job
	176  -  Run Bytes Received By Job
	2345568  -  Total Bytes Sent By Job
	176  -  Total Bytes Received By Job
	Partitionable Resources :    Usage  Request Allocated Assigned
	   Cpus                 :     0.00        8         8 
	   Disk (KB)            :  2315           1    246844 
	   Gpus (Average)       :     0.50        1         1 "GPU-85c653d0-d85f-963d-5950-363499bbb660"
	   GpusMemory (MB)      :  2151                       
	   Memory (MB)          :  2919       16384     16384 

	Job terminated of its own accord at 2023-10-26T23:42:44Z.
...
