000 (135770.000.000) 2023-10-27 00:44:25 Job submitted from host: <131.227.81.127:9618?addrs=131.227.81.127-9618&alias=aisurrey-condor.surrey.ac.uk&noUDP&sock=schedd_1723_69c5>
...
040 (135770.000.000) 2023-10-27 00:44:25 Started transferring input files
	Transferring to host: <131.227.80.190:9618?addrs=131.227.80.190-9618&alias=aisurrey10.surrey.ac.uk&noUDP&sock=slot1_1_5780_4864_171388>
...
040 (135770.000.000) 2023-10-27 00:44:25 Finished transferring input files
...
001 (135770.000.000) 2023-10-27 00:44:26 Job executing on host: <131.227.80.190:9618?addrs=131.227.80.190-9618&alias=aisurrey10.surrey.ac.uk&noUDP&sock=startd_5584_bcee>
...
006 (135770.000.000) 2023-10-27 00:44:35 Image size of job updated: 722
	722  -  MemoryUsage of job (MB)
	739812  -  ResidentSetSize of job (KB)
...
006 (135770.000.000) 2023-10-27 00:49:36 Image size of job updated: 2946
	2946  -  MemoryUsage of job (MB)
	3016760  -  ResidentSetSize of job (KB)
...
006 (135770.000.000) 2023-10-27 01:04:38 Image size of job updated: 2980
	2980  -  MemoryUsage of job (MB)
	3051760  -  ResidentSetSize of job (KB)
...
040 (135770.000.000) 2023-10-27 01:59:49 Started transferring output files
...
040 (135770.000.000) 2023-10-27 01:59:49 Finished transferring output files
...
005 (135770.000.000) 2023-10-27 01:59:49 Job terminated.
	(1) Normal termination (return value 0)
		Usr 0 02:55:59, Sys 0 00:08:49  -  Run Remote Usage
		Usr 0 00:00:00, Sys 0 00:00:00  -  Run Local Usage
		Usr 0 02:55:59, Sys 0 00:08:49  -  Total Remote Usage
		Usr 0 00:00:00, Sys 0 00:00:00  -  Total Local Usage
	2345709  -  Run Bytes Sent By Job
	176  -  Run Bytes Received By Job
	2345709  -  Total Bytes Sent By Job
	176  -  Total Bytes Received By Job
	Partitionable Resources :    Usage  Request Allocated Assigned
	   Cpus                 :     0.00        8         8 
	   Disk (KB)            :  2315           1    246844 
	   Gpus (Average)       :     0.86        1         1 "GPU-85c653d0-d85f-963d-5950-363499bbb660"
	   GpusMemory (MB)      :  5815                       
	   Memory (MB)          :  2980       16384     16384 

	Job terminated of its own accord at 2023-10-27T00:59:49Z.
...
