000 (135774.000.000) 2023-10-27 00:48:51 Job submitted from host: <131.227.81.127:9618?addrs=131.227.81.127-9618&alias=aisurrey-condor.surrey.ac.uk&noUDP&sock=schedd_1723_69c5>
...
040 (135774.000.000) 2023-10-27 00:48:52 Started transferring input files
	Transferring to host: <131.227.80.178:9618?addrs=131.227.80.178-9618&alias=aisurrey04.surrey.ac.uk&noUDP&sock=slot1_1_5940_046b_180590>
...
040 (135774.000.000) 2023-10-27 00:48:52 Finished transferring input files
...
001 (135774.000.000) 2023-10-27 00:48:53 Job executing on host: <131.227.80.178:9618?addrs=131.227.80.178-9618&alias=aisurrey04.surrey.ac.uk&noUDP&sock=startd_5733_f08b>
...
006 (135774.000.000) 2023-10-27 00:49:01 Image size of job updated: 154
	154  -  MemoryUsage of job (MB)
	158308  -  ResidentSetSize of job (KB)
...
006 (135774.000.000) 2023-10-27 00:54:01 Image size of job updated: 2875
	2875  -  MemoryUsage of job (MB)
	2944832  -  ResidentSetSize of job (KB)
...
006 (135774.000.000) 2023-10-27 01:09:03 Image size of job updated: 2876
	2876  -  MemoryUsage of job (MB)
	2945416  -  ResidentSetSize of job (KB)
...
006 (135774.000.000) 2023-10-27 01:17:41 Image size of job updated: 2881
	2881  -  MemoryUsage of job (MB)
	2950192  -  ResidentSetSize of job (KB)
...
040 (135774.000.000) 2023-10-27 01:17:41 Started transferring output files
...
040 (135774.000.000) 2023-10-27 01:17:42 Finished transferring output files
...
005 (135774.000.000) 2023-10-27 01:17:42 Job terminated.
	(1) Normal termination (return value 0)
		Usr 0 02:10:38, Sys 0 00:10:48  -  Run Remote Usage
		Usr 0 00:00:00, Sys 0 00:00:00  -  Run Local Usage
		Usr 0 02:10:38, Sys 0 00:10:48  -  Total Remote Usage
		Usr 0 00:00:00, Sys 0 00:00:00  -  Total Local Usage
	2345568  -  Run Bytes Sent By Job
	176  -  Run Bytes Received By Job
	2345568  -  Total Bytes Sent By Job
	176  -  Total Bytes Received By Job
	Partitionable Resources :    Usage  Request Allocated Assigned
	   Cpus                 :     0.00        8         8 
	   Disk (KB)            :  2315           1    246844 
	   Gpus (Average)       :     0.30        1         1 "GPU-ec4eb180-2293-1d4a-97fd-626bac3b365a"
	   GpusMemory (MB)      :  1829                       
	   Memory (MB)          :  2881       16384     16384 

	Job terminated of its own accord at 2023-10-27T00:17:41Z.
...
