000 (136074.000.000) 2023-10-31 13:59:50 Job submitted from host: <131.227.81.127:9618?addrs=131.227.81.127-9618&alias=aisurrey-condor.surrey.ac.uk&noUDP&sock=schedd_1723_69c5>
...
040 (136074.000.000) 2023-10-31 14:00:05 Started transferring input files
	Transferring to host: <131.227.80.188:9618?addrs=131.227.80.188-9618&alias=aisurrey09.surrey.ac.uk&noUDP&sock=slot1_3_6016_90ee_2391>
...
040 (136074.000.000) 2023-10-31 14:00:05 Finished transferring input files
...
001 (136074.000.000) 2023-10-31 14:00:06 Job executing on host: <131.227.80.188:9618?addrs=131.227.80.188-9618&alias=aisurrey09.surrey.ac.uk&noUDP&sock=startd_5821_4ce0>
...
006 (136074.000.000) 2023-10-31 14:00:15 Image size of job updated: 442
	442  -  MemoryUsage of job (MB)
	453520  -  ResidentSetSize of job (KB)
...
006 (136074.000.000) 2023-10-31 14:05:16 Image size of job updated: 2778
	2778  -  MemoryUsage of job (MB)
	2845504  -  ResidentSetSize of job (KB)
...
006 (136074.000.000) 2023-10-31 14:10:17 Image size of job updated: 2925
	2925  -  MemoryUsage of job (MB)
	2995572  -  ResidentSetSize of job (KB)
...
006 (136074.000.000) 2023-10-31 14:25:18 Image size of job updated: 2951
	2951  -  MemoryUsage of job (MB)
	3021960  -  ResidentSetSize of job (KB)
...
040 (136074.000.000) 2023-10-31 14:51:03 Started transferring output files
...
040 (136074.000.000) 2023-10-31 14:51:03 Finished transferring output files
...
005 (136074.000.000) 2023-10-31 14:51:04 Job terminated.
	(1) Normal termination (return value 0)
		Usr 0 02:33:33, Sys 0 00:08:00  -  Run Remote Usage
		Usr 0 00:00:00, Sys 0 00:00:00  -  Run Local Usage
		Usr 0 02:33:33, Sys 0 00:08:00  -  Total Remote Usage
		Usr 0 00:00:00, Sys 0 00:00:00  -  Total Local Usage
	2345780  -  Run Bytes Sent By Job
	176  -  Run Bytes Received By Job
	2345780  -  Total Bytes Sent By Job
	176  -  Total Bytes Received By Job
	Partitionable Resources :    Usage  Request Allocated Assigned
	   Cpus                 :     0.00        8         8 
	   Disk (KB)            :  2315           1    246844 
	   Gpus (Average)       :     0           1         1 "GPU-412dc69b-f4ff-2989-1f2a-1039af8e2d34"
	   GpusMemory (MB)      :  3539                       
	   Memory (MB)          :  2951       16384     16384 

	Job terminated of its own accord at 2023-10-31T14:51:03Z.
...
