000 (136066.000.000) 2023-10-31 12:39:38 Job submitted from host: <131.227.81.127:9618?addrs=131.227.81.127-9618&alias=aisurrey-condor.surrey.ac.uk&noUDP&sock=schedd_1723_69c5>
...
040 (136066.000.000) 2023-10-31 12:39:41 Started transferring input files
	Transferring to host: <131.227.80.174:9618?addrs=131.227.80.174-9618&alias=aisurrey02.surrey.ac.uk&noUDP&sock=slot1_1_4126289_a1cb_88614>
...
040 (136066.000.000) 2023-10-31 12:39:41 Finished transferring input files
...
001 (136066.000.000) 2023-10-31 12:39:42 Job executing on host: <131.227.80.174:9618?addrs=131.227.80.174-9618&alias=aisurrey02.surrey.ac.uk&noUDP&sock=startd_119081_3d5f>
...
006 (136066.000.000) 2023-10-31 12:39:52 Image size of job updated: 124
	124  -  MemoryUsage of job (MB)
	127804  -  ResidentSetSize of job (KB)
...
006 (136066.000.000) 2023-10-31 12:44:52 Image size of job updated: 2800
	2800  -  MemoryUsage of job (MB)
	2867736  -  ResidentSetSize of job (KB)
...
006 (136066.000.000) 2023-10-31 12:49:53 Image size of job updated: 2906
	2906  -  MemoryUsage of job (MB)
	2976616  -  ResidentSetSize of job (KB)
...
040 (136066.000.000) 2023-10-31 13:16:26 Started transferring output files
...
040 (136066.000.000) 2023-10-31 13:16:27 Finished transferring output files
...
005 (136066.000.000) 2023-10-31 13:16:27 Job terminated.
	(1) Normal termination (return value 0)
		Usr 0 02:47:03, Sys 0 00:09:58  -  Run Remote Usage
		Usr 0 00:00:00, Sys 0 00:00:00  -  Run Local Usage
		Usr 0 02:47:03, Sys 0 00:09:58  -  Total Remote Usage
		Usr 0 00:00:00, Sys 0 00:00:00  -  Total Local Usage
	2345568  -  Run Bytes Sent By Job
	176  -  Run Bytes Received By Job
	2345568  -  Total Bytes Sent By Job
	176  -  Total Bytes Received By Job
	Partitionable Resources :    Usage  Request Allocated Assigned
	   Cpus                 :     0.01        8         8 
	   Disk (KB)            :  2315           1    246844 
	   Gpus (Average)       :     0.27        1         1 "GPU-d1f548cd-f042-2574-f668-c031c7999519"
	   GpusMemory (MB)      :  1849                       
	   Memory (MB)          :  2906       16384     16384 

	Job terminated of its own accord at 2023-10-31T13:16:26Z.
...
