000 (136071.000.000) 2023-10-31 13:44:14 Job submitted from host: <131.227.81.127:9618?addrs=131.227.81.127-9618&alias=aisurrey-condor.surrey.ac.uk&noUDP&sock=schedd_1723_69c5>
...
040 (136071.000.000) 2023-10-31 13:44:15 Started transferring input files
	Transferring to host: <131.227.80.174:9618?addrs=131.227.80.174-9618&alias=aisurrey02.surrey.ac.uk&noUDP&sock=slot1_1_4126289_a1cb_88638>
...
040 (136071.000.000) 2023-10-31 13:44:15 Finished transferring input files
...
001 (136071.000.000) 2023-10-31 13:44:16 Job executing on host: <131.227.80.174:9618?addrs=131.227.80.174-9618&alias=aisurrey02.surrey.ac.uk&noUDP&sock=startd_119081_3d5f>
...
006 (136071.000.000) 2023-10-31 13:44:25 Image size of job updated: 1987
	1987  -  MemoryUsage of job (MB)
	2035280  -  ResidentSetSize of job (KB)
...
006 (136071.000.000) 2023-10-31 13:49:26 Image size of job updated: 2915
	2915  -  MemoryUsage of job (MB)
	2985960  -  ResidentSetSize of job (KB)
...
006 (136071.000.000) 2023-10-31 13:59:28 Image size of job updated: 2927
	2927  -  MemoryUsage of job (MB)
	2998236  -  ResidentSetSize of job (KB)
...
006 (136071.000.000) 2023-10-31 14:14:30 Image size of job updated: 3011
	3011  -  MemoryUsage of job (MB)
	3083504  -  ResidentSetSize of job (KB)
...
040 (136071.000.000) 2023-10-31 14:20:54 Started transferring output files
...
040 (136071.000.000) 2023-10-31 14:20:54 Finished transferring output files
...
005 (136071.000.000) 2023-10-31 14:20:54 Job terminated.
	(1) Normal termination (return value 0)
		Usr 0 02:47:30, Sys 0 00:10:41  -  Run Remote Usage
		Usr 0 00:00:00, Sys 0 00:00:00  -  Run Local Usage
		Usr 0 02:47:30, Sys 0 00:10:41  -  Total Remote Usage
		Usr 0 00:00:00, Sys 0 00:00:00  -  Total Local Usage
	2345568  -  Run Bytes Sent By Job
	176  -  Run Bytes Received By Job
	2345568  -  Total Bytes Sent By Job
	176  -  Total Bytes Received By Job
	Partitionable Resources :    Usage  Request Allocated Assigned
	   Cpus                 :     0.00        8         8 
	   Disk (KB)            :  2315           1    246844 
	   Gpus (Average)       :     0.27        1         1 "GPU-d1f548cd-f042-2574-f668-c031c7999519"
	   GpusMemory (MB)      :  1851                       
	   Memory (MB)          :  3011       16384     16384 

	Job terminated of its own accord at 2023-10-31T14:20:54Z.
...
