000 (136073.000.000) 2023-10-31 13:55:23 Job submitted from host: <131.227.81.127:9618?addrs=131.227.81.127-9618&alias=aisurrey-condor.surrey.ac.uk&noUDP&sock=schedd_1723_69c5>
...
040 (136073.000.000) 2023-10-31 13:55:23 Started transferring input files
	Transferring to host: <131.227.80.188:9618?addrs=131.227.80.188-9618&alias=aisurrey09.surrey.ac.uk&noUDP&sock=slot1_2_6016_90ee_2388>
...
040 (136073.000.000) 2023-10-31 13:55:23 Finished transferring input files
...
001 (136073.000.000) 2023-10-31 13:55:24 Job executing on host: <131.227.80.188:9618?addrs=131.227.80.188-9618&alias=aisurrey09.surrey.ac.uk&noUDP&sock=startd_5821_4ce0>
...
006 (136073.000.000) 2023-10-31 13:55:32 Image size of job updated: 158
	158  -  MemoryUsage of job (MB)
	162248  -  ResidentSetSize of job (KB)
...
006 (136073.000.000) 2023-10-31 14:00:33 Image size of job updated: 2951
	2951  -  MemoryUsage of job (MB)
	3022404  -  ResidentSetSize of job (KB)
...
040 (136073.000.000) 2023-10-31 14:33:59 Started transferring output files
...
040 (136073.000.000) 2023-10-31 14:33:59 Finished transferring output files
...
005 (136073.000.000) 2023-10-31 14:34:01 Job terminated.
	(1) Normal termination (return value 0)
		Usr 0 02:20:55, Sys 0 00:07:34  -  Run Remote Usage
		Usr 0 00:00:00, Sys 0 00:00:00  -  Run Local Usage
		Usr 0 02:20:55, Sys 0 00:07:34  -  Total Remote Usage
		Usr 0 00:00:00, Sys 0 00:00:00  -  Total Local Usage
	2345770  -  Run Bytes Sent By Job
	176  -  Run Bytes Received By Job
	2345770  -  Total Bytes Sent By Job
	176  -  Total Bytes Received By Job
	Partitionable Resources :    Usage  Request Allocated Assigned
	   Cpus                 :     0.00        8         8 
	   Disk (KB)            :  2315           1    246844 
	   Gpus (Average)       :     0           1         1 "GPU-a2707a0f-8abf-8d0c-e1f5-565fd2e12ede"
	   GpusMemory (MB)      :  2519                       
	   Memory (MB)          :  2951       16384     16384 

	Job terminated of its own accord at 2023-10-31T14:33:59Z.
...
