000 (139555.000.000) 2023-11-23 22:38:42 Job submitted from host: <131.227.81.127:9618?addrs=131.227.81.127-9618&alias=aisurrey-condor.surrey.ac.uk&noUDP&sock=schedd_1723_69c5>
...
040 (139555.000.000) 2023-11-23 22:38:43 Started transferring input files
	Transferring to host: <131.227.80.180:9618?addrs=131.227.80.180-9618&alias=aisurrey05.surrey.ac.uk&noUDP&sock=slot1_1_5842_f7a7_1691>
...
040 (139555.000.000) 2023-11-23 22:38:43 Finished transferring input files
...
001 (139555.000.000) 2023-11-23 22:38:44 Job executing on host: <131.227.80.180:9618?addrs=131.227.80.180-9618&alias=aisurrey05.surrey.ac.uk&noUDP&sock=startd_5644_e49d>
...
006 (139555.000.000) 2023-11-23 22:38:52 Image size of job updated: 161
	161  -  MemoryUsage of job (MB)
	165704  -  ResidentSetSize of job (KB)
...
006 (139555.000.000) 2023-11-23 22:43:52 Image size of job updated: 2917
	2917  -  MemoryUsage of job (MB)
	2987132  -  ResidentSetSize of job (KB)
...
006 (139555.000.000) 2023-11-23 22:48:52 Image size of job updated: 3025
	3025  -  MemoryUsage of job (MB)
	3098416  -  ResidentSetSize of job (KB)
...
006 (139555.000.000) 2023-11-23 22:53:53 Image size of job updated: 3027
	3027  -  MemoryUsage of job (MB)
	3100464  -  ResidentSetSize of job (KB)
...
006 (139555.000.000) 2023-11-23 22:58:54 Image size of job updated: 3075
	3075  -  MemoryUsage of job (MB)
	3149144  -  ResidentSetSize of job (KB)
...
006 (139555.000.000) 2023-11-23 23:38:57 Image size of job updated: 3082
	3082  -  MemoryUsage of job (MB)
	3156200  -  ResidentSetSize of job (KB)
...
006 (139555.000.000) 2023-11-23 23:48:57 Image size of job updated: 8283
	8283  -  MemoryUsage of job (MB)
	8481824  -  ResidentSetSize of job (KB)
...
006 (139555.000.000) 2023-11-23 23:50:15 Image size of job updated: 10121
	10121  -  MemoryUsage of job (MB)
	10363916  -  ResidentSetSize of job (KB)
...
040 (139555.000.000) 2023-11-23 23:50:15 Started transferring output files
...
040 (139555.000.000) 2023-11-23 23:50:15 Finished transferring output files
...
005 (139555.000.000) 2023-11-23 23:50:15 Job terminated.
	(1) Normal termination (return value 0)
		Usr 0 02:56:16, Sys 0 00:09:23  -  Run Remote Usage
		Usr 0 00:00:00, Sys 0 00:00:00  -  Run Local Usage
		Usr 0 02:56:16, Sys 0 00:09:23  -  Total Remote Usage
		Usr 0 00:00:00, Sys 0 00:00:00  -  Total Local Usage
	2345826  -  Run Bytes Sent By Job
	434  -  Run Bytes Received By Job
	2345826  -  Total Bytes Sent By Job
	434  -  Total Bytes Received By Job
	Partitionable Resources :    Usage  Request Allocated Assigned
	   Cpus                 :     0.00        8         8 
	   Disk (KB)            :  2316           1    246844 
	   Gpus (Average)       :     0.85        1         1 "GPU-4c0e07af-34f9-c133-1852-19a006e806fc"
	   GpusMemory (MB)      :  4237                       
	   Memory (MB)          : 10121       16384     16384 

	Job terminated of its own accord at 2023-11-23T23:50:15Z.
...
