000 (139489.000.000) 2023-11-23 17:42:13 Job submitted from host: <131.227.81.127:9618?addrs=131.227.81.127-9618&alias=aisurrey-condor.surrey.ac.uk&noUDP&sock=schedd_1723_69c5>
...
040 (139489.000.000) 2023-11-23 17:42:14 Started transferring input files
	Transferring to host: <131.227.80.180:9618?addrs=131.227.80.180-9618&alias=aisurrey05.surrey.ac.uk&noUDP&sock=slot1_1_5842_f7a7_1576>
...
040 (139489.000.000) 2023-11-23 17:42:14 Finished transferring input files
...
001 (139489.000.000) 2023-11-23 17:42:15 Job executing on host: <131.227.80.180:9618?addrs=131.227.80.180-9618&alias=aisurrey05.surrey.ac.uk&noUDP&sock=startd_5644_e49d>
...
006 (139489.000.000) 2023-11-23 17:42:23 Image size of job updated: 260
	260  -  MemoryUsage of job (MB)
	266412  -  ResidentSetSize of job (KB)
...
006 (139489.000.000) 2023-11-23 17:47:23 Image size of job updated: 3016
	3016  -  MemoryUsage of job (MB)
	3089052  -  ResidentSetSize of job (KB)
...
006 (139489.000.000) 2023-11-23 17:52:24 Image size of job updated: 3061
	3061  -  MemoryUsage of job (MB)
	3135028  -  ResidentSetSize of job (KB)
...
006 (139489.000.000) 2023-11-23 18:07:25 Image size of job updated: 3062
	3062  -  MemoryUsage of job (MB)
	3136024  -  ResidentSetSize of job (KB)
...
006 (139489.000.000) 2023-11-23 18:37:27 Image size of job updated: 10127
	10127  -  MemoryUsage of job (MB)
	10370228  -  ResidentSetSize of job (KB)
...
040 (139489.000.000) 2023-11-23 18:37:27 Started transferring output files
...
040 (139489.000.000) 2023-11-23 18:37:27 Finished transferring output files
...
005 (139489.000.000) 2023-11-23 18:37:27 Job terminated.
	(1) Normal termination (return value 0)
		Usr 0 02:39:36, Sys 0 00:08:28  -  Run Remote Usage
		Usr 0 00:00:00, Sys 0 00:00:00  -  Run Local Usage
		Usr 0 02:39:36, Sys 0 00:08:28  -  Total Remote Usage
		Usr 0 00:00:00, Sys 0 00:00:00  -  Total Local Usage
	2345827  -  Run Bytes Sent By Job
	403  -  Run Bytes Received By Job
	2345827  -  Total Bytes Sent By Job
	403  -  Total Bytes Received By Job
	Partitionable Resources :    Usage  Request Allocated Assigned
	   Cpus                 :     0.00        8         8 
	   Disk (KB)            :  2316           1    246844 
	   Gpus (Average)       :     0.70        1         1 "GPU-4c0e07af-34f9-c133-1852-19a006e806fc"
	   GpusMemory (MB)      :  3543                       
	   Memory (MB)          : 10127       16384     16384 

	Job terminated of its own accord at 2023-11-23T18:37:27Z.
...
