000 (139974.000.000) 2023-11-28 11:41:28 Job submitted from host: <131.227.81.127:9618?addrs=131.227.81.127-9618&alias=aisurrey-condor.surrey.ac.uk&noUDP&sock=schedd_1723_69c5>
...
040 (139974.000.000) 2023-11-28 11:41:29 Started transferring input files
	Transferring to host: <131.227.80.180:9618?addrs=131.227.80.180-9618&alias=aisurrey05.surrey.ac.uk&noUDP&sock=slot1_1_5842_f7a7_4081>
...
040 (139974.000.000) 2023-11-28 11:41:29 Finished transferring input files
...
001 (139974.000.000) 2023-11-28 11:41:30 Job executing on host: <131.227.80.180:9618?addrs=131.227.80.180-9618&alias=aisurrey05.surrey.ac.uk&noUDP&sock=startd_5644_e49d>
...
006 (139974.000.000) 2023-11-28 11:41:38 Image size of job updated: 155
	155  -  MemoryUsage of job (MB)
	158908  -  ResidentSetSize of job (KB)
...
006 (139974.000.000) 2023-11-28 11:46:39 Image size of job updated: 3102
	3102  -  MemoryUsage of job (MB)
	3176452  -  ResidentSetSize of job (KB)
...
006 (139974.000.000) 2023-11-28 11:51:40 Image size of job updated: 3184
	3184  -  MemoryUsage of job (MB)
	3260552  -  ResidentSetSize of job (KB)
...
006 (139974.000.000) 2023-11-28 13:31:49 Image size of job updated: 5685
	5685  -  MemoryUsage of job (MB)
	5822132  -  ResidentSetSize of job (KB)
...
006 (139974.000.000) 2023-11-28 13:36:50 Image size of job updated: 10525
	10525  -  MemoryUsage of job (MB)
	10778508  -  ResidentSetSize of job (KB)
...
006 (139974.000.000) 2023-11-28 13:41:51 Image size of job updated: 10643
	10643  -  MemoryUsage of job (MB)
	10899008  -  ResidentSetSize of job (KB)
...
040 (139974.000.000) 2023-11-28 15:32:28 Started transferring output files
...
040 (139974.000.000) 2023-11-28 15:32:28 Finished transferring output files
...
005 (139974.000.000) 2023-11-28 15:32:28 Job terminated.
	(1) Normal termination (return value 0)
		Usr 0 06:40:38, Sys 0 00:45:21  -  Run Remote Usage
		Usr 0 00:00:00, Sys 0 00:00:00  -  Run Local Usage
		Usr 0 06:40:38, Sys 0 00:45:21  -  Total Remote Usage
		Usr 0 00:00:00, Sys 0 00:00:00  -  Total Local Usage
	2353878  -  Run Bytes Sent By Job
	3540  -  Run Bytes Received By Job
	2353878  -  Total Bytes Sent By Job
	3540  -  Total Bytes Received By Job
	Partitionable Resources :    Usage  Request Allocated Assigned
	   Cpus                 :     0.00        8         8 
	   Disk (KB)            :  2327           4    246844 
	   Gpus (Average)       :     0.71        1         1 "GPU-4c0e07af-34f9-c133-1852-19a006e806fc"
	   GpusMemory (MB)      : 11135                       
	   Memory (MB)          : 10643       32768     32768 

	Job terminated of its own accord at 2023-11-28T15:32:28Z.
...
