000 (139561.000.000) 2023-11-23 22:50:52 Job submitted from host: <131.227.81.127:9618?addrs=131.227.81.127-9618&alias=aisurrey-condor.surrey.ac.uk&noUDP&sock=schedd_1723_69c5>
...
040 (139561.000.000) 2023-11-23 22:51:03 Started transferring input files
	Transferring to host: <131.227.80.184:9618?addrs=131.227.80.184-9618&alias=aisurrey07.surrey.ac.uk&noUDP&sock=slot1_2_5856_d4e7_1486>
...
040 (139561.000.000) 2023-11-23 22:51:03 Finished transferring input files
...
001 (139561.000.000) 2023-11-23 22:51:04 Job executing on host: <131.227.80.184:9618?addrs=131.227.80.184-9618&alias=aisurrey07.surrey.ac.uk&noUDP&sock=startd_5659_2e89>
...
006 (139561.000.000) 2023-11-23 22:51:12 Image size of job updated: 291
	291  -  MemoryUsage of job (MB)
	298280  -  ResidentSetSize of job (KB)
...
006 (139561.000.000) 2023-11-23 22:56:12 Image size of job updated: 3075
	3075  -  MemoryUsage of job (MB)
	3149692  -  ResidentSetSize of job (KB)
...
006 (139561.000.000) 2023-11-23 23:11:12 Image size of job updated: 3123
	3123  -  MemoryUsage of job (MB)
	3198168  -  ResidentSetSize of job (KB)
...
006 (139561.000.000) 2023-11-23 23:26:12 Image size of job updated: 3129
	3129  -  MemoryUsage of job (MB)
	3204700  -  ResidentSetSize of job (KB)
...
006 (139561.000.000) 2023-11-23 23:31:12 Image size of job updated: 3162
	3162  -  MemoryUsage of job (MB)
	3238336  -  ResidentSetSize of job (KB)
...
006 (139561.000.000) 2023-11-23 23:36:13 Image size of job updated: 4324
	4324  -  MemoryUsage of job (MB)
	4428128  -  ResidentSetSize of job (KB)
...
006 (139561.000.000) 2023-11-23 23:40:15 Image size of job updated: 10321
	10321  -  MemoryUsage of job (MB)
	10568772  -  ResidentSetSize of job (KB)
...
040 (139561.000.000) 2023-11-23 23:40:16 Started transferring output files
...
040 (139561.000.000) 2023-11-23 23:40:16 Finished transferring output files
...
005 (139561.000.000) 2023-11-23 23:40:16 Job terminated.
	(1) Normal termination (return value 0)
		Usr 0 02:27:41, Sys 0 00:08:07  -  Run Remote Usage
		Usr 0 00:00:00, Sys 0 00:00:00  -  Run Local Usage
		Usr 0 02:27:41, Sys 0 00:08:07  -  Total Remote Usage
		Usr 0 00:00:00, Sys 0 00:00:00  -  Total Local Usage
	1176936  -  Run Bytes Sent By Job
	449  -  Run Bytes Received By Job
	1176936  -  Total Bytes Sent By Job
	449  -  Total Bytes Received By Job
	Partitionable Resources :    Usage  Request Allocated Assigned
	   Cpus                 :        0        8         8 
	   Disk (KB)            :     1174        1    246844 
	   Gpus (Average)       :        0        1         1 "GPU-32954e09-eb32-2198-2be0-15a252bef954"
	   GpusMemory (MB)      :     2277                    
	   Memory (MB)          :    10321    16384     16384 

	Job terminated of its own accord at 2023-11-23T23:40:15Z.
...
