000 (139316.000.000) 2023-11-22 18:28:02 Job submitted from host: <131.227.81.127:9618?addrs=131.227.81.127-9618&alias=aisurrey-condor.surrey.ac.uk&noUDP&sock=schedd_1723_69c5>
...
040 (139316.000.000) 2023-11-22 18:31:24 Started transferring input files
	Transferring to host: <131.227.80.178:9618?addrs=131.227.80.178-9618&alias=aisurrey04.surrey.ac.uk&noUDP&sock=slot1_3_5927_db8a_1099>
...
040 (139316.000.000) 2023-11-22 18:31:24 Finished transferring input files
...
001 (139316.000.000) 2023-11-22 18:31:25 Job executing on host: <131.227.80.178:9618?addrs=131.227.80.178-9618&alias=aisurrey04.surrey.ac.uk&noUDP&sock=startd_5732_40f3>
...
006 (139316.000.000) 2023-11-22 18:31:33 Image size of job updated: 164
	164  -  MemoryUsage of job (MB)
	168564  -  ResidentSetSize of job (KB)
...
006 (139316.000.000) 2023-11-22 18:36:34 Image size of job updated: 3028
	3028  -  MemoryUsage of job (MB)
	3101268  -  ResidentSetSize of job (KB)
...
006 (139316.000.000) 2023-11-22 18:56:35 Image size of job updated: 3029
	3029  -  MemoryUsage of job (MB)
	3102412  -  ResidentSetSize of job (KB)
...
006 (139316.000.000) 2023-11-22 19:06:36 Image size of job updated: 3047
	3047  -  MemoryUsage of job (MB)
	3120944  -  ResidentSetSize of job (KB)
...
006 (139316.000.000) 2023-11-22 19:11:37 Image size of job updated: 3073
	3073  -  MemoryUsage of job (MB)
	3146832  -  ResidentSetSize of job (KB)
...
006 (139316.000.000) 2023-11-22 19:26:38 Image size of job updated: 7613
	7613  -  MemoryUsage of job (MB)
	7796300  -  ResidentSetSize of job (KB)
...
006 (139316.000.000) 2023-11-22 19:28:33 Image size of job updated: 10282
	10282  -  MemoryUsage of job (MB)
	10529012  -  ResidentSetSize of job (KB)
...
040 (139316.000.000) 2023-11-22 19:28:33 Started transferring output files
...
040 (139316.000.000) 2023-11-22 19:28:33 Finished transferring output files
...
005 (139316.000.000) 2023-11-22 19:28:33 Job terminated.
	(1) Normal termination (return value 0)
		Usr 0 02:41:56, Sys 0 00:07:31  -  Run Remote Usage
		Usr 0 00:00:00, Sys 0 00:00:00  -  Run Local Usage
		Usr 0 02:41:56, Sys 0 00:07:31  -  Total Remote Usage
		Usr 0 00:00:00, Sys 0 00:00:00  -  Total Local Usage
	2345820  -  Run Bytes Sent By Job
	345  -  Run Bytes Received By Job
	2345820  -  Total Bytes Sent By Job
	345  -  Total Bytes Received By Job
	Partitionable Resources :    Usage  Request Allocated Assigned
	   Cpus                 :     0.00        8         8 
	   Disk (KB)            :  2315           1    246844 
	   Gpus (Average)       :                 1         1 "GPU-527420aa-a74e-837e-7287-5667a662e5ff"
	   GpusMemory (MB)      :  3543                       
	   Memory (MB)          : 10282       16384     16384 

	Job terminated of its own accord at 2023-11-22T19:28:33Z.
...
