000 (139572.000.000) 2023-11-24 00:14:45 Job submitted from host: <131.227.81.127:9618?addrs=131.227.81.127-9618&alias=aisurrey-condor.surrey.ac.uk&noUDP&sock=schedd_1723_69c5>
...
040 (139572.000.000) 2023-11-24 00:14:45 Started transferring input files
	Transferring to host: <131.227.80.190:9618?addrs=131.227.80.190-9618&alias=aisurrey10.surrey.ac.uk&noUDP&sock=slot1_2_5897_b849_1795>
...
040 (139572.000.000) 2023-11-24 00:14:45 Finished transferring input files
...
001 (139572.000.000) 2023-11-24 00:14:46 Job executing on host: <131.227.80.190:9618?addrs=131.227.80.190-9618&alias=aisurrey10.surrey.ac.uk&noUDP&sock=startd_5699_9e52>
...
006 (139572.000.000) 2023-11-24 00:14:55 Image size of job updated: 2008
	2008  -  MemoryUsage of job (MB)
	2057208  -  ResidentSetSize of job (KB)
...
006 (139572.000.000) 2023-11-24 00:19:56 Image size of job updated: 3130
	3130  -  MemoryUsage of job (MB)
	3205896  -  ResidentSetSize of job (KB)
...
006 (139572.000.000) 2023-11-24 00:59:59 Image size of job updated: 6719
	6719  -  MemoryUsage of job (MB)
	6880980  -  ResidentSetSize of job (KB)
...
006 (139572.000.000) 2023-11-24 01:02:28 Image size of job updated: 10373
	10373  -  MemoryUsage of job (MB)
	10622484  -  ResidentSetSize of job (KB)
...
040 (139572.000.000) 2023-11-24 01:02:28 Started transferring output files
...
040 (139572.000.000) 2023-11-24 01:02:28 Finished transferring output files
...
005 (139572.000.000) 2023-11-24 01:02:30 Job terminated.
	(1) Normal termination (return value 0)
		Usr 0 02:26:11, Sys 0 00:09:23  -  Run Remote Usage
		Usr 0 00:00:00, Sys 0 00:00:00  -  Run Local Usage
		Usr 0 02:26:11, Sys 0 00:09:23  -  Total Remote Usage
		Usr 0 00:00:00, Sys 0 00:00:00  -  Total Local Usage
	596186  -  Run Bytes Sent By Job
	466  -  Run Bytes Received By Job
	596186  -  Total Bytes Sent By Job
	466  -  Total Bytes Received By Job
	Partitionable Resources :    Usage  Request Allocated Assigned
	   Cpus                 :     0.00        8         8 
	   Disk (KB)            :   607           1    246844 
	   Gpus (Average)       :     0.66        1         1 "GPU-1afec2e8-d3aa-c772-f762-bcfbceee2109"
	   GpusMemory (MB)      :  6055                       
	   Memory (MB)          : 10373       16384     16384 

	Job terminated of its own accord at 2023-11-24T01:02:28Z.
...
