000 (139643.000.000) 2023-11-24 14:56:39 Job submitted from host: <131.227.81.127:9618?addrs=131.227.81.127-9618&alias=aisurrey-condor.surrey.ac.uk&noUDP&sock=schedd_1723_69c5>
...
040 (139643.000.000) 2023-11-24 14:56:40 Started transferring input files
	Transferring to host: <131.227.80.184:9618?addrs=131.227.80.184-9618&alias=aisurrey07.surrey.ac.uk&noUDP&sock=slot1_1_5856_d4e7_2002>
...
040 (139643.000.000) 2023-11-24 14:56:40 Finished transferring input files
...
001 (139643.000.000) 2023-11-24 14:56:41 Job executing on host: <131.227.80.184:9618?addrs=131.227.80.184-9618&alias=aisurrey07.surrey.ac.uk&noUDP&sock=startd_5659_2e89>
...
006 (139643.000.000) 2023-11-24 14:56:49 Image size of job updated: 365
	365  -  MemoryUsage of job (MB)
	374644  -  ResidentSetSize of job (KB)
...
006 (139643.000.000) 2023-11-24 15:01:49 Image size of job updated: 2970
	2970  -  MemoryUsage of job (MB)
	3041512  -  ResidentSetSize of job (KB)
...
006 (139643.000.000) 2023-11-24 15:06:49 Image size of job updated: 3021
	3021  -  MemoryUsage of job (MB)
	3094404  -  ResidentSetSize of job (KB)
...
006 (139643.000.000) 2023-11-24 15:38:54 Image size of job updated: 3131
	3131  -  MemoryUsage of job (MB)
	3206960  -  ResidentSetSize of job (KB)
...
040 (139643.000.000) 2023-11-24 15:38:54 Started transferring output files
...
040 (139643.000.000) 2023-11-24 15:38:54 Finished transferring output files
...
005 (139643.000.000) 2023-11-24 15:38:54 Job terminated.
	(1) Normal termination (return value 1)
		Usr 0 02:12:07, Sys 0 00:07:18  -  Run Remote Usage
		Usr 0 00:00:00, Sys 0 00:00:00  -  Run Local Usage
		Usr 0 02:12:07, Sys 0 00:07:18  -  Total Remote Usage
		Usr 0 00:00:00, Sys 0 00:00:00  -  Total Local Usage
	596904  -  Run Bytes Sent By Job
	469  -  Run Bytes Received By Job
	596904  -  Total Bytes Sent By Job
	469  -  Total Bytes Received By Job
	Partitionable Resources :    Usage  Request Allocated Assigned
	   Cpus                 :     0.00        8         8 
	   Disk (KB)            :   608           1    246844 
	   Gpus (Average)       :     0.68        1         1 "GPU-b3957c7d-9a18-82f2-8dc5-24c4700966f6"
	   GpusMemory (MB)      :  6055                       
	   Memory (MB)          :  3131       16384     16384 

	Job terminated of its own accord at 2023-11-24T15:38:54Z.
...
