000 (139266.000.000) 2023-11-22 15:55:06 Job submitted from host: <131.227.81.127:9618?addrs=131.227.81.127-9618&alias=aisurrey-condor.surrey.ac.uk&noUDP&sock=schedd_1723_69c5>
...
040 (139266.000.000) 2023-11-22 15:55:06 Started transferring input files
	Transferring to host: <131.227.80.188:9618?addrs=131.227.80.188-9618&alias=aisurrey09.surrey.ac.uk&noUDP&sock=slot1_1_5938_9bab_1023>
...
040 (139266.000.000) 2023-11-22 15:55:06 Finished transferring input files
...
001 (139266.000.000) 2023-11-22 15:55:07 Job executing on host: <131.227.80.188:9618?addrs=131.227.80.188-9618&alias=aisurrey09.surrey.ac.uk&noUDP&sock=startd_5731_915a>
...
006 (139266.000.000) 2023-11-22 15:55:16 Image size of job updated: 156
	156  -  MemoryUsage of job (MB)
	159840  -  ResidentSetSize of job (KB)
...
006 (139266.000.000) 2023-11-22 16:00:16 Image size of job updated: 3053
	3053  -  MemoryUsage of job (MB)
	3127028  -  ResidentSetSize of job (KB)
...
006 (139266.000.000) 2023-11-22 16:20:18 Image size of job updated: 3091
	3091  -  MemoryUsage of job (MB)
	3165928  -  ResidentSetSize of job (KB)
...
006 (139266.000.000) 2023-11-22 16:22:26 Image size of job updated: 3504
	3504  -  MemoryUsage of job (MB)
	3588140  -  ResidentSetSize of job (KB)
...
040 (139266.000.000) 2023-11-22 16:22:26 Started transferring output files
...
040 (139266.000.000) 2023-11-22 16:22:27 Finished transferring output files
...
005 (139266.000.000) 2023-11-22 16:22:27 Job terminated.
	(1) Normal termination (return value 0)
		Usr 0 02:01:47, Sys 0 00:07:07  -  Run Remote Usage
		Usr 0 00:00:00, Sys 0 00:00:00  -  Run Local Usage
		Usr 0 02:01:47, Sys 0 00:07:07  -  Total Remote Usage
		Usr 0 00:00:00, Sys 0 00:00:00  -  Total Local Usage
	2345830  -  Run Bytes Sent By Job
	336  -  Run Bytes Received By Job
	2345830  -  Total Bytes Sent By Job
	336  -  Total Bytes Received By Job
	Partitionable Resources :    Usage  Request Allocated Assigned
	   Cpus                 :     0.00        8         8 
	   Disk (KB)            :  2315           1    246844 
	   Gpus (Average)       :     0.30        1         1 "GPU-8ea7f420-6c54-e277-c504-0725b1b2102b"
	   GpusMemory (MB)      :  1825                       
	   Memory (MB)          :  3504       16384     16384 

	Job terminated of its own accord at 2023-11-22T16:22:26Z.
...
