000 (139560.000.000) 2023-11-23 22:49:20 Job submitted from host: <131.227.81.127:9618?addrs=131.227.81.127-9618&alias=aisurrey-condor.surrey.ac.uk&noUDP&sock=schedd_1723_69c5>
...
040 (139560.000.000) 2023-11-23 22:49:21 Started transferring input files
	Transferring to host: <131.227.80.188:9618?addrs=131.227.80.188-9618&alias=aisurrey09.surrey.ac.uk&noUDP&sock=slot1_1_5909_2cc9_101>
...
040 (139560.000.000) 2023-11-23 22:49:21 Finished transferring input files
...
001 (139560.000.000) 2023-11-23 22:49:22 Job executing on host: <131.227.80.188:9618?addrs=131.227.80.188-9618&alias=aisurrey09.surrey.ac.uk&noUDP&sock=startd_5704_0c4c>
...
006 (139560.000.000) 2023-11-23 22:49:30 Image size of job updated: 427
	427  -  MemoryUsage of job (MB)
	438000  -  ResidentSetSize of job (KB)
...
006 (139560.000.000) 2023-11-23 22:54:30 Image size of job updated: 3008
	3008  -  MemoryUsage of job (MB)
	3080724  -  ResidentSetSize of job (KB)
...
006 (139560.000.000) 2023-11-23 22:59:30 Image size of job updated: 3034
	3034  -  MemoryUsage of job (MB)
	3107508  -  ResidentSetSize of job (KB)
...
006 (139560.000.000) 2023-11-23 23:14:32 Image size of job updated: 3094
	3094  -  MemoryUsage of job (MB)
	3168656  -  ResidentSetSize of job (KB)
...
006 (139560.000.000) 2023-11-23 23:39:34 Image size of job updated: 7263
	7263  -  MemoryUsage of job (MB)
	7437576  -  ResidentSetSize of job (KB)
...
006 (139560.000.000) 2023-11-23 23:41:37 Image size of job updated: 10269
	10269  -  MemoryUsage of job (MB)
	10515600  -  ResidentSetSize of job (KB)
...
040 (139560.000.000) 2023-11-23 23:41:37 Started transferring output files
...
040 (139560.000.000) 2023-11-23 23:41:37 Finished transferring output files
...
005 (139560.000.000) 2023-11-23 23:41:37 Job terminated.
	(1) Normal termination (return value 0)
		Usr 0 02:36:38, Sys 0 00:08:27  -  Run Remote Usage
		Usr 0 00:00:00, Sys 0 00:00:00  -  Run Local Usage
		Usr 0 02:36:38, Sys 0 00:08:27  -  Total Remote Usage
		Usr 0 00:00:00, Sys 0 00:00:00  -  Total Local Usage
	2345836  -  Run Bytes Sent By Job
	449  -  Run Bytes Received By Job
	2345836  -  Total Bytes Sent By Job
	449  -  Total Bytes Received By Job
	Partitionable Resources :    Usage  Request Allocated Assigned
	   Cpus                 :     0           8         8 
	   Disk (KB)            :  2316           1    246844 
	   Gpus (Average)       :     0.79        1         1 "GPU-8ea7f420-6c54-e277-c504-0725b1b2102b"
	   GpusMemory (MB)      :  2277                       
	   Memory (MB)          : 10269       16384     16384 

	Job terminated of its own accord at 2023-11-23T23:41:37Z.
...
