000 (139340.000.000) 2023-11-22 20:40:21 Job submitted from host: <131.227.81.127:9618?addrs=131.227.81.127-9618&alias=aisurrey-condor.surrey.ac.uk&noUDP&sock=schedd_1723_69c5>
...
040 (139340.000.000) 2023-11-22 20:40:21 Started transferring input files
	Transferring to host: <131.227.80.188:9618?addrs=131.227.80.188-9618&alias=aisurrey09.surrey.ac.uk&noUDP&sock=slot1_1_5938_9bab_1120>
...
040 (139340.000.000) 2023-11-22 20:40:21 Finished transferring input files
...
001 (139340.000.000) 2023-11-22 20:40:22 Job executing on host: <131.227.80.188:9618?addrs=131.227.80.188-9618&alias=aisurrey09.surrey.ac.uk&noUDP&sock=startd_5731_915a>
...
006 (139340.000.000) 2023-11-22 20:40:31 Image size of job updated: 773
	773  -  MemoryUsage of job (MB)
	791844  -  ResidentSetSize of job (KB)
...
006 (139340.000.000) 2023-11-22 20:45:32 Image size of job updated: 3031
	3031  -  MemoryUsage of job (MB)
	3104304  -  ResidentSetSize of job (KB)
...
006 (139340.000.000) 2023-11-22 21:10:34 Image size of job updated: 7426
	7426  -  MemoryUsage of job (MB)
	7604992  -  ResidentSetSize of job (KB)
...
006 (139340.000.000) 2023-11-22 21:12:33 Image size of job updated: 10387
	10387  -  MemoryUsage of job (MB)
	10636784  -  ResidentSetSize of job (KB)
...
040 (139340.000.000) 2023-11-22 21:12:33 Started transferring output files
...
040 (139340.000.000) 2023-11-22 21:12:33 Finished transferring output files
...
005 (139340.000.000) 2023-11-22 21:12:34 Job terminated.
	(1) Normal termination (return value 0)
		Usr 0 02:15:47, Sys 0 00:08:40  -  Run Remote Usage
		Usr 0 00:00:00, Sys 0 00:00:00  -  Run Local Usage
		Usr 0 02:15:47, Sys 0 00:08:40  -  Total Remote Usage
		Usr 0 00:00:00, Sys 0 00:00:00  -  Total Local Usage
	2345832  -  Run Bytes Sent By Job
	369  -  Run Bytes Received By Job
	2345832  -  Total Bytes Sent By Job
	369  -  Total Bytes Received By Job
	Partitionable Resources :    Usage  Request Allocated Assigned
	   Cpus                 :     0.00        8         8 
	   Disk (KB)            :  2315           1    246844 
	   Gpus (Average)       :     0.25        1         1 "GPU-8ea7f420-6c54-e277-c504-0725b1b2102b"
	   GpusMemory (MB)      :  1825                       
	   Memory (MB)          : 10387       16384     16384 

	Job terminated of its own accord at 2023-11-22T21:12:33Z.
...
